build/app/intermediates/manifest_merge_blame_file/debug/manifest-merger-blame-debug-report.txt
1<?xml version="1.0" encoding="utf-8"?>
2<manifest xmlns:android="http://schemas.android.com/apk/res/android"
3    package="com.example.flutter_application_1"
4    android:versionCode="1"
5    android:versionName="1.0.0" >
6
7    <uses-sdk
8        android:minSdkVersion="21"
9        android:targetSdkVersion="34" />
10    <!--
11         The INTERNET permission is required for development. Specifically,
12         the Flutter tool needs it to communicate with the running application
13         to allow setting breakpoints, to provide hot reload, etc.
14    -->
15    <uses-permission android:name="android.permission.INTERNET" />
15-->src\debug\AndroidManifest.xml:6:5-66
15-->src\debug\AndroidManifest.xml:6:22-64
16    <!--
17     Required to query activities that can process text, see:
18         https://developer.android.com/training/package-visibility?hl=en and
19         https://developer.android.com/reference/android/content/Intent#ACTION_PROCESS_TEXT.
20
21         In particular, this is used by the Flutter engine in io.flutter.plugin.text.ProcessTextPlugin.
22    -->
23    <queries>
23-->src\main\AndroidManifest.xml:38:5-43:15
24        <intent>
24-->src\main\AndroidManifest.xml:39:9-42:18
25            <action android:name="android.intent.action.PROCESS_TEXT" />
25-->src\main\AndroidManifest.xml:40:13-72
25-->src\main\AndroidManifest.xml:40:21-70
26
27            <data android:mimeType="text/plain" />
27-->src\main\AndroidManifest.xml:41:13-50
27-->src\main\AndroidManifest.xml:41:19-48
28        </intent>
29    </queries>
30
31    <permission
31-->[androidx.core:core:1.13.1] AndroidManifest.xml:22:5-24:47
32        android:name="com.example.flutter_application_1.DYNAMIC_RECEIVER_NOT_EXPORTED_PERMISSION"
32-->[androidx.core:core:1.13.1] AndroidManifest.xml:23:9-81
33        android:protectionLevel="signature" />
33-->[androidx.core:core:1.13.1] AndroidManifest.xml:24:9-44
34
35    <uses-permission android:name="com.example.flutter_application_1.DYNAMIC_RECEIVER_NOT_EXPORTED_PERMISSION" />
35-->[androidx.core:core:1.13.1] AndroidManifest.xml:26:5-97
35-->[androidx.core:core:1.13.1] AndroidManifest.xml:26:22-94
36
37    <application
38        android:name="android.app.Application"
39        android:appComponentFactory="androidx.core.app.CoreComponentFactory"
39-->[androidx.core:core:1.13.1] AndroidManifest.xml:28:18-86
40        android:debuggable="true"
41        android:icon="@mipmap/ic_launcher"
42        android:label="flutter_application_1" >
43        <activity
44            android:name="com.example.flutter_application_1.MainActivity"
45            android:configChanges="orientation|keyboardHidden|keyboard|screenSize|smallestScreenSize|locale|layoutDirection|fontScale|screenLayout|density|uiMode"
46            android:exported="true"
47            android:hardwareAccelerated="true"
48            android:launchMode="singleTop"
49            android:theme="@style/LaunchTheme"
50            android:windowSoftInputMode="adjustResize" >
51
52            <!--
53                 Specifies an Android theme to apply to this Activity as soon as
54                 the Android process has started. This theme is visible to the user
55                 while the Flutter UI initializes. After that, this theme continues
56                 to determine the Window background behind the Flutter UI.
57            -->
58            <meta-data
59                android:name="io.flutter.embedding.android.NormalTheme"
60                android:resource="@style/NormalTheme" />
61
62            <intent-filter>
63                <action android:name="android.intent.action.MAIN" />
64
65                <category android:name="android.intent.category.LAUNCHER" />
66            </intent-filter>
67        </activity>
68        <!--
69             Don't delete the meta-data below.
70             This is used by the Flutter tool to generate GeneratedPluginRegistrant.java
71        -->
72        <meta-data
73            android:name="flutterEmbedding"
74            android:value="2" />
75
76        <provider
76-->[:image_picker_android] AndroidManifest.xml:11:9-19:20
77            android:name="io.flutter.plugins.imagepicker.ImagePickerFileProvider"
77-->[:image_picker_android] AndroidManifest.xml:12:13-82
78            android:authorities="com.example.flutter_application_1.flutter.image_provider"
78-->[:image_picker_android] AndroidManifest.xml:13:13-74
79            android:exported="false"
79-->[:image_picker_android] AndroidManifest.xml:14:13-37
80            android:grantUriPermissions="true" >
80-->[:image_picker_android] AndroidManifest.xml:15:13-47
81            <meta-data
81-->[:image_picker_android] AndroidManifest.xml:16:13-18:75
82                android:name="android.support.FILE_PROVIDER_PATHS"
82-->[:image_picker_android] AndroidManifest.xml:17:17-67
83                android:resource="@xml/flutter_image_picker_file_paths" />
83-->[:image_picker_android] AndroidManifest.xml:18:17-72
84        </provider> <!-- Trigger Google Play services to install the backported photo picker module. -->
85        <service
85-->[:image_picker_android] AndroidManifest.xml:21:9-33:19
86            android:name="com.google.android.gms.metadata.ModuleDependencies"
86-->[:image_picker_android] AndroidManifest.xml:22:13-78
87            android:enabled="false"
87-->[:image_picker_android] AndroidManifest.xml:23:13-36
88            android:exported="false" >
88-->[:image_picker_android] AndroidManifest.xml:24:13-37
89            <intent-filter>
89-->[:image_picker_android] AndroidManifest.xml:26:13-28:29
90                <action android:name="com.google.android.gms.metadata.MODULE_DEPENDENCIES" />
90-->[:image_picker_android] AndroidManifest.xml:27:17-94
90-->[:image_picker_android] AndroidManifest.xml:27:25-91
91            </intent-filter>
92
93            <meta-data
93-->[:image_picker_android] AndroidManifest.xml:30:13-32:36
94                android:name="photopicker_activity:0:required"
94-->[:image_picker_android] AndroidManifest.xml:31:17-63
95                android:value="" />
95-->[:image_picker_android] AndroidManifest.xml:32:17-33
96        </service>
97
98        <activity
98-->[:url_launcher_android] AndroidManifest.xml:10:9-13:74
99            android:name="io.flutter.plugins.urllauncher.WebViewActivity"
99-->[:url_launcher_android] AndroidManifest.xml:11:13-74
100            android:exported="false"
100-->[:url_launcher_android] AndroidManifest.xml:12:13-37
101            android:theme="@android:style/Theme.NoTitleBar.Fullscreen" />
101-->[:url_launcher_android] AndroidManifest.xml:13:13-71
102
103        <uses-library
103-->[androidx.window:window:1.0.0-beta04] AndroidManifest.xml:25:9-27:40
104            android:name="androidx.window.extensions"
104-->[androidx.window:window:1.0.0-beta04] AndroidManifest.xml:26:13-54
105            android:required="false" />
105-->[androidx.window:window:1.0.0-beta04] AndroidManifest.xml:27:13-37
106        <uses-library
106-->[androidx.window:window:1.0.0-beta04] AndroidManifest.xml:28:9-30:40
107            android:name="androidx.window.sidecar"
107-->[androidx.window:window:1.0.0-beta04] AndroidManifest.xml:29:13-51
108            android:required="false" />
108-->[androidx.window:window:1.0.0-beta04] AndroidManifest.xml:30:13-37
109
110        <provider
110-->[androidx.profileinstaller:profileinstaller:1.3.1] AndroidManifest.xml:24:9-32:20
111            android:name="androidx.startup.InitializationProvider"
111-->[androidx.profileinstaller:profileinstaller:1.3.1] AndroidManifest.xml:25:13-67
112            android:authorities="com.example.flutter_application_1.androidx-startup"
112-->[androidx.profileinstaller:profileinstaller:1.3.1] AndroidManifest.xml:26:13-68
113            android:exported="false" >
113-->[androidx.profileinstaller:profileinstaller:1.3.1] AndroidManifest.xml:27:13-37
114            <meta-data
114-->[androidx.profileinstaller:profileinstaller:1.3.1] AndroidManifest.xml:29:13-31:52
115                android:name="androidx.profileinstaller.ProfileInstallerInitializer"
115-->[androidx.profileinstaller:profileinstaller:1.3.1] AndroidManifest.xml:30:17-85
116                android:value="androidx.startup" />
116-->[androidx.profileinstaller:profileinstaller:1.3.1] AndroidManifest.xml:31:17-49
117        </provider>
118
119        <receiver
119-->[androidx.profileinstaller:profileinstaller:1.3.1] AndroidManifest.xml:34:9-52:20
120            android:name="androidx.profileinstaller.ProfileInstallReceiver"
120-->[androidx.profileinstaller:profileinstaller:1.3.1] AndroidManifest.xml:35:13-76
121            android:directBootAware="false"
121-->[androidx.profileinstaller:profileinstaller:1.3.1] AndroidManifest.xml:36:13-44
122            android:enabled="true"
122-->[androidx.profileinstaller:profileinstaller:1.3.1] AndroidManifest.xml:37:13-35
123            android:exported="true"
123-->[androidx.profileinstaller:profileinstaller:1.3.1] AndroidManifest.xml:38:13-36
124            android:permission="android.permission.DUMP" >
124-->[androidx.profileinstaller:profileinstaller:1.3.1] AndroidManifest.xml:39:13-57
125            <intent-filter>
125-->[androidx.profileinstaller:profileinstaller:1.3.1] AndroidManifest.xml:40:13-42:29
126                <action android:name="androidx.profileinstaller.action.INSTALL_PROFILE" />
126-->[androidx.profileinstaller:profileinstaller:1.3.1] AndroidManifest.xml:41:17-91
126-->[androidx.profileinstaller:profileinstaller:1.3.1] AndroidManifest.xml:41:25-88
127            </intent-filter>
128            <intent-filter>
128-->[androidx.profileinstaller:profileinstaller:1.3.1] AndroidManifest.xml:43:13-45:29
129                <action android:name="androidx.profileinstaller.action.SKIP_FILE" />
129-->[androidx.profileinstaller:profileinstaller:1.3.1] AndroidManifest.xml:44:17-85
129-->[androidx.profileinstaller:profileinstaller:1.3.1] AndroidManifest.xml:44:25-82
130            </intent-filter>
131            <intent-filter>
131-->[androidx.profileinstaller:profileinstaller:1.3.1] AndroidManifest.xml:46:13-48:29
132                <action android:name="androidx.profileinstaller.action.SAVE_PROFILE" />
132-->[androidx.profileinstaller:profileinstaller:1.3.1] AndroidManifest.xml:47:17-88
132-->[androidx.profileinstaller:profileinstaller:1.3.1] AndroidManifest.xml:47:25-85
133            </intent-filter>
134            <intent-filter>
134-->[androidx.profileinstaller:profileinstaller:1.3.1] AndroidManifest.xml:49:13-51:29
135                <action android:name="androidx.profileinstaller.action.BENCHMARK_OPERATION" />
135-->[androidx.profileinstaller:profileinstaller:1.3.1] AndroidManifest.xml:50:17-95
135-->[androidx.profileinstaller:profileinstaller:1.3.1] AndroidManifest.xml:50:25-92
136            </intent-filter>
137        </receiver>
138    </application>
139
140</manifest>